<?xml version="1.0" encoding="UTF-8"?>
<testsuite xmlns:xsi="http://www.w3.org/2001/XMLSchema-instance" xsi:noNamespaceSchemaLocation="https://maven.apache.org/surefire/maven-surefire-plugin/xsd/surefire-test-report.xsd" name="RegressionRunner" time="15.482" tests="1" errors="0" skipped="0" failures="0">
  <properties>
[...]
</properties>
  <testcase name="Positive Case. As a user, I want to successfully create Digital Bank account" classname="wedevx.digitalbank.automation.ui.runners.RegressionRunner" time="15.403"/>
</testsuite>